
> lt316-admin@0.1.0 dev
> next dev

▲ Next.js 16.1.6 (Turbopack)
- Local:         http://localhost:3000
- Network:       http://100.118.222.10:3000

✓ Starting...
Creating turbopack project {
  dir: 'C:\\Users\\brennen\\Documents\\GitHub\\lt316-admin-layout-',
  testMode: true
}
✓ Ready in 426ms
 GET / 307 in 169ms (compile: 111ms, render: 59ms)
 GET /admin 200 in 63ms (compile: 30ms, render: 33ms)
 GET /admin 200 in 27ms (compile: 3ms, render: 24ms)
 POST /api/admin/lightburn/validate-paths 200 in 40ms (compile: 31ms, render: 9ms)
 POST /api/admin/lightburn/validate-paths 200 in 42ms (compile: 40ms, render: 2ms)
✓ Compiled in 10ms
✓ Compiled in 12ms
✓ Compiled in 14ms
✓ Compiled in 13ms
✓ Compiled in 5ms
✓ Compiled in 10ms
✓ Compiled in 15ms
✓ Compiled in 9ms
 POST /api/admin/lightburn/validate-paths 200 in 5ms (compile: 1893µs, render: 3ms)
 GET /admin 200 in 69ms (compile: 21ms, render: 48ms)
 POST /api/admin/lightburn/validate-paths 200 in 4ms (compile: 1706µs, render: 3ms)
✓ Compiled in 5ms
 POST /api/admin/lightburn/validate-paths 200 in 5ms (compile: 1869µs, render: 3ms)
✓ Compiled in 12ms
 POST /api/admin/lightburn/validate-paths 200 in 5ms (compile: 1738µs, render: 3ms)
✓ Compiled in 13ms
 POST /api/admin/lightburn/validate-paths 200 in 7ms (compile: 3ms, render: 3ms)
✓ Compiled in 5ms
 GET /admin/calibration 200 in 267ms (compile: 255ms, render: 12ms)
✓ Compiled in 14ms
✓ Compiled in 16ms
✓ Compiled in 11ms
✓ Compiled in 17ms
✓ Compiled in 5ms
 GET /admin/calibration 200 in 49ms (compile: 3ms, render: 46ms)
 GET /admin/calibration 200 in 32ms (compile: 3ms, render: 29ms)
✓ Compiled in 9ms
✓ Compiled in 7ms
✓ Compiled in 7ms
✓ Compiled in 17ms
 GET /admin 200 in 30ms (compile: 21ms, render: 8ms)
 POST /api/admin/lightburn/validate-paths 200 in 3ms (compile: 1167µs, render: 2ms)
 POST /api/admin/lightburn/validate-paths 200 in 3ms (compile: 785µs, render: 1766µs)
 POST /api/admin/lightburn/validate-paths 200 in 6ms (compile: 1996µs, render: 4ms)
✓ Compiled in 6ms
 POST /api/admin/lightburn/validate-paths 200 in 5ms (compile: 1545µs, render: 3ms)
✓ Compiled in 9ms
 POST /api/admin/lightburn/validate-paths 200 in 5ms (compile: 1901µs, render: 3ms)
✓ Compiled in 9ms
✓ Compiled in 13ms
✓ Compiled in 14ms
 POST /api/admin/lightburn/validate-paths 200 in 4ms (compile: 1776µs, render: 2ms)
 GET /admin 200 in 73ms (compile: 19ms, render: 54ms)
 POST /api/admin/lightburn/validate-paths 200 in 4ms (compile: 1634µs, render: 2ms)
✓ Compiled in 15ms
✓ Compiled in 16ms
 POST /api/admin/lightburn/validate-paths 200 in 6ms (compile: 3ms, render: 3ms)
 GET /admin 200 in 79ms (compile: 20ms, render: 59ms)
 POST /api/admin/lightburn/validate-paths 200 in 4ms (compile: 1442µs, render: 3ms)
✓ Compiled in 6ms
✓ Compiled in 11ms
✓ Compiled in 10ms
✓ Compiled in 14ms
✓ Compiled in 13ms
 POST /api/admin/lightburn/validate-paths 200 in 4ms (compile: 1334µs, render: 3ms)
✓ Compiled in 10ms
✓ Compiled in 7ms
✓ Compiled in 7ms
 GET /admin 200 in 63ms (compile: 21ms, render: 42ms)
 POST /api/admin/lightburn/validate-paths 200 in 4ms (compile: 1235µs, render: 2ms)
 GET /admin/calibration 200 in 35ms (compile: 22ms, render: 13ms)
✓ Compiled in 10ms
✓ Compiled in 7ms
✓ Compiled in 8ms
✓ Compiled in 10ms
✓ Compiled in 10ms
✓ Compiled in 23ms
✓ Compiled in 23ms
✓ Compiled in 19ms
✓ Compiled in 22ms
✓ Compiled in 34ms
✓ Compiled in 14ms
✓ Compiled in 11ms
 GET /admin/calibration 200 in 85ms (compile: 22ms, render: 63ms)
✓ Compiled in 20ms
✓ Compiled in 5ms
✓ Compiled in 27ms
✓ Compiled in 16ms
 GET /admin 200 in 13ms (compile: 3ms, render: 10ms)
 POST /api/admin/lightburn/validate-paths 200 in 5ms (compile: 1515µs, render: 3ms)
 POST /api/admin/lightburn/validate-paths 200 in 3ms (compile: 1006µs, render: 1676µs)
[tumbler-identify] features {
  fileName: 'Site_Studio_Drinkware_Rambler_Travel_Straw_Mug_40oz_Black_Front_Down_B_2400x2400.avif',
  logo: {
    matchedBrand: 'YETI',
    detectedText: [ 'YETI' ],
    confidence: 0.93,
    method: 'filename-hint'
  },
  hasHandle: true,
  lidStyle: 'straw',
  shapeType: 'tapered',
  grooveBands: null,
  tokens: [
    'site',      'studio',
    'drinkware', 'rambler',
    'travel',    'straw',
    'mug',       '40oz',
    'black',     'front',
    'down',      'b'
  ]
}
[tumbler-identify] candidates [
  {
    brand: 'YETI',
    model: 'Rambler',
    preliminaryScore: 0.7,
    reasons: [
      'alias:1',
      'logo-match',
      'shape-match',
      'handle-conflict',
      'lid-conflict',
      'capacity-near'
    ]
  },
  {
    brand: 'Stanley',
    model: 'Quencher H2.0',
    preliminaryScore: 0.46,
    reasons: [ 'shape-match', 'handle-match', 'lid-match', 'capacity-near' ]
  },
  {
    brand: 'unknown',
    model: 'unknown',
    preliminaryScore: 0.28,
    reasons: [ 'safe-fallback' ]
  }
]
[tumbler-identify] scores [
  {
    brand: 'YETI',
    visionScore: 0.684,
    logoTextScore: 0.93,
    searchConsistencyScore: 0.54,
    conflictPenalty: 0.14,
    totalScore: 0.546
  },
  {
    brand: 'Stanley',
    visionScore: 0.426,
    logoTextScore: 0,
    searchConsistencyScore: 1,
    conflictPenalty: 0.58,
    totalScore: 0.018
  },
  {
    brand: 'unknown',
    visionScore: 0.297,
    logoTextScore: 0,
    searchConsistencyScore: 0.37,
    conflictPenalty: 0.16,
    totalScore: 0.156
  }
]
[tumbler-identify] resolution {
  brand: 'YETI',
  model: 'Rambler',
  confidence: 0.546,
  isUnknown: false,
  leadOverSecond: 0.39,
  notes: [
    'Final identity locked by strong visible brand text, validated by consistency checks.'
  ]
}
 POST /api/admin/tumbler/auto-size 200 in 118ms (compile: 110ms, render: 8ms)
[tumbler-identify] features {
  fileName: 'Site_Studio_Drinkware_Rambler_Travel_Straw_Mug_40oz_Black_Front_Down_B_2400x2400.avif',
  logo: {
    matchedBrand: 'YETI',
    detectedText: [ 'YETI' ],
    confidence: 0.93,
    method: 'filename-hint'
  },
  hasHandle: true,
  lidStyle: 'straw',
  shapeType: 'tapered',
  grooveBands: null,
  tokens: [
    'site',      'studio',
    'drinkware', 'rambler',
    'travel',    'straw',
    'mug',       '40oz',
    'black',     'front',
    'down',      'b'
  ]
}
[tumbler-identify] candidates [
  {
    brand: 'YETI',
    model: 'Rambler',
    preliminaryScore: 0.7,
    reasons: [
      'alias:1',
      'logo-match',
      'shape-match',
      'handle-conflict',
      'lid-conflict',
      'capacity-near'
    ]
  },
  {
    brand: 'Stanley',
    model: 'Quencher H2.0',
    preliminaryScore: 0.46,
    reasons: [ 'shape-match', 'handle-match', 'lid-match', 'capacity-near' ]
  },
  {
    brand: 'unknown',
    model: 'unknown',
    preliminaryScore: 0.28,
    reasons: [ 'safe-fallback' ]
  }
]
[tumbler-identify] scores [
  {
    brand: 'YETI',
    visionScore: 0.684,
    logoTextScore: 0.93,
    searchConsistencyScore: 0.54,
    conflictPenalty: 0.14,
    totalScore: 0.546
  },
  {
    brand: 'Stanley',
    visionScore: 0.426,
    logoTextScore: 0,
    searchConsistencyScore: 1,
    conflictPenalty: 0.58,
    totalScore: 0.018
  },
  {
    brand: 'unknown',
    visionScore: 0.297,
    logoTextScore: 0,
    searchConsistencyScore: 0.37,
    conflictPenalty: 0.16,
    totalScore: 0.156
  }
]
[tumbler-identify] resolution {
  brand: 'YETI',
  model: 'Rambler',
  confidence: 0.546,
  isUnknown: false,
  leadOverSecond: 0.39,
  notes: [
    'Final identity locked by strong visible brand text, validated by consistency checks.'
  ]
}
 POST /api/admin/tumbler/auto-size 200 in 8ms (compile: 2ms, render: 6ms)
 POST /api/admin/lightburn/validate-paths 200 in 4ms (compile: 1708µs, render: 2ms)
 GET /admin/calibration 200 in 32ms (compile: 20ms, render: 11ms)
 GET /admin 200 in 9ms (compile: 2ms, render: 7ms)
 POST /api/admin/lightburn/validate-paths 200 in 5ms (compile: 3ms, render: 3ms)
 POST /api/admin/lightburn/validate-paths 200 in 6ms (compile: 5ms, render: 1635µs)
[tumbler-identify] features {
  fileName: 'Site_Studio_Drinkware_Rambler_Travel_Straw_Mug_40oz_Black_Front_Down_B_2400x2400.avif',
  logo: {
    matchedBrand: 'YETI',
    detectedText: [ 'YETI' ],
    confidence: 0.93,
    method: 'filename-hint'
  },
  hasHandle: true,
  lidStyle: 'straw',
  shapeType: 'tapered',
  grooveBands: null,
  tokens: [
    'site',      'studio',
    'drinkware', 'rambler',
    'travel',    'straw',
    'mug',       '40oz',
    'black',     'front',
    'down',      'b'
  ]
}
[tumbler-identify] candidates [
  {
    brand: 'YETI',
    model: 'Rambler',
    preliminaryScore: 0.7,
    reasons: [
      'alias:1',
      'logo-match',
      'shape-match',
      'handle-conflict',
      'lid-conflict',
      'capacity-near'
    ]
  },
  {
    brand: 'Stanley',
    model: 'Quencher H2.0',
    preliminaryScore: 0.46,
    reasons: [ 'shape-match', 'handle-match', 'lid-match', 'capacity-near' ]
  },
  {
    brand: 'unknown',
    model: 'unknown',
    preliminaryScore: 0.28,
    reasons: [ 'safe-fallback' ]
  }
]
[tumbler-identify] scores [
  {
    brand: 'YETI',
    visionScore: 0.684,
    logoTextScore: 0.93,
    searchConsistencyScore: 0.54,
    conflictPenalty: 0.14,
    totalScore: 0.546
  },
  {
    brand: 'Stanley',
    visionScore: 0.426,
    logoTextScore: 0,
    searchConsistencyScore: 1,
    conflictPenalty: 0.58,
    totalScore: 0.018
  },
  {
    brand: 'unknown',
    visionScore: 0.297,
    logoTextScore: 0,
    searchConsistencyScore: 0.37,
    conflictPenalty: 0.16,
    totalScore: 0.156
  }
]
[tumbler-identify] resolution {
  brand: 'YETI',
  model: 'Rambler',
  confidence: 0.546,
  isUnknown: false,
  leadOverSecond: 0.39,
  notes: [
    'Final identity locked by strong visible brand text, validated by consistency checks.'
  ]
}
 POST /api/admin/tumbler/auto-size 200 in 7ms (compile: 1852µs, render: 5ms)
 POST /api/admin/lightburn/validate-paths 200 in 4ms (compile: 1802µs, render: 2ms)
✓ Compiled in 14ms
 POST /api/admin/lightburn/validate-paths 200 in 7ms (compile: 2ms, render: 5ms)
 POST /api/admin/lightburn/validate-paths 200 in 5ms (compile: 1874µs, render: 3ms)
✓ Compiled in 25ms
 POST /api/admin/lightburn/validate-paths 200 in 4ms (compile: 1513µs, render: 3ms)
✓ Compiled in 15ms
 POST /api/admin/lightburn/validate-paths 200 in 4ms (compile: 1613µs, render: 2ms)
✓ Compiled in 6ms
 POST /api/admin/lightburn/validate-paths 200 in 4ms (compile: 1228µs, render: 2ms)
✓ Compiled in 13ms
 POST /api/admin/lightburn/validate-paths 200 in 4ms (compile: 1621µs, render: 3ms)
✓ Compiled in 29ms
 POST /api/admin/lightburn/validate-paths 200 in 4ms (compile: 1209µs, render: 3ms)
✓ Compiled in 16ms
 POST /api/admin/lightburn/validate-paths 200 in 4ms (compile: 1228µs, render: 2ms)
✓ Compiled in 8ms
 POST /api/admin/lightburn/validate-paths 200 in 5ms (compile: 1567µs, render: 4ms)
✓ Compiled in 12ms
 POST /api/admin/lightburn/validate-paths 200 in 4ms (compile: 1427µs, render: 3ms)
✓ Compiled in 7ms
 POST /api/admin/lightburn/validate-paths 200 in 5ms (compile: 1842µs, render: 3ms)
✓ Compiled in 23ms
 POST /api/admin/lightburn/validate-paths 200 in 4ms (compile: 1960µs, render: 2ms)
✓ Compiled in 20ms
 POST /api/admin/lightburn/validate-paths 200 in 5ms (compile: 2ms, render: 3ms)
✓ Compiled in 16ms
 POST /api/admin/lightburn/validate-paths 200 in 5ms (compile: 2ms, render: 3ms)
✓ Compiled in 12ms
 POST /api/admin/lightburn/validate-paths 200 in 4ms (compile: 1356µs, render: 3ms)
✓ Compiled in 15ms
 POST /api/admin/lightburn/validate-paths 200 in 4ms (compile: 1191µs, render: 3ms)
✓ Compiled in 10ms
✓ Compiled in 12ms
✓ Compiled in 14ms
✓ Compiled in 19ms
✓ Compiled in 12ms
✓ Compiled in 12ms
✓ Compiled in 12ms
 GET /admin 200 in 68ms (compile: 21ms, render: 47ms)
 POST /api/admin/lightburn/validate-paths 200 in 4ms (compile: 1753µs, render: 3ms)
 GET /admin 200 in 22ms (compile: 2ms, render: 20ms)
 POST /api/admin/lightburn/validate-paths 200 in 4ms (compile: 1841µs, render: 2ms)
✓ Compiled in 8ms
✓ Compiled in 11ms
✓ Compiled in 12ms
✓ Compiled in 13ms
✓ Compiled in 12ms
✓ Compiled in 6ms
 POST /api/admin/lightburn/validate-paths 200 in 4ms (compile: 1737µs, render: 2ms)
 POST /api/admin/lightburn/validate-paths 200 in 4ms (compile: 1645µs, render: 2ms)
✓ Compiled in 20ms
✓ Compiled in 7ms
✓ Compiled in 13ms
 GET /admin 200 in 63ms (compile: 20ms, render: 42ms)
[tumbler-identify] features {
  fileName: 'Site_Studio_Drinkware_Rambler_Travel_Straw_Mug_40oz_Black_Front_Down_B_2400x2400.avif',
  logo: {
    matchedBrand: 'YETI',
    detectedText: [ 'YETI' ],
    confidence: 0.93,
    method: 'filename-hint'
  },
  hasHandle: true,
  lidStyle: 'straw',
  shapeType: 'tapered',
  grooveBands: null,
  tokens: [
    'site',      'studio',
    'drinkware', 'rambler',
    'travel',    'straw',
    'mug',       '40oz',
    'black',     'front',
    'down',      'b'
  ]
}
[tumbler-identify] candidates [
  {
    brand: 'YETI',
    model: 'Rambler',
    preliminaryScore: 0.7,
    reasons: [
      'alias:1',
      'logo-match',
      'shape-match',
      'handle-conflict',
      'lid-conflict',
      'capacity-near'
    ]
  },
  {
    brand: 'Stanley',
    model: 'Quencher H2.0',
    preliminaryScore: 0.46,
    reasons: [ 'shape-match', 'handle-match', 'lid-match', 'capacity-near' ]
  },
  {
    brand: 'unknown',
    model: 'unknown',
    preliminaryScore: 0.28,
    reasons: [ 'safe-fallback' ]
  }
]
[tumbler-identify] scores [
  {
    brand: 'YETI',
    visionScore: 0.684,
    logoTextScore: 0.93,
    searchConsistencyScore: 0.54,
    conflictPenalty: 0.14,
    totalScore: 0.546
  },
  {
    brand: 'Stanley',
    visionScore: 0.426,
    logoTextScore: 0,
    searchConsistencyScore: 1,
    conflictPenalty: 0.58,
    totalScore: 0.018
  },
  {
    brand: 'unknown',
    visionScore: 0.297,
    logoTextScore: 0,
    searchConsistencyScore: 0.37,
    conflictPenalty: 0.16,
    totalScore: 0.156
  }
]
[tumbler-identify] resolution {
  brand: 'YETI',
  model: 'Rambler',
  confidence: 0.546,
  isUnknown: false,
  leadOverSecond: 0.39,
  notes: [
    'Final identity locked by strong visible brand text, validated by consistency checks.'
  ]
}
 POST /api/admin/tumbler/auto-size 200 in 8ms (compile: 1932µs, render: 6ms)
✓ Compiled in 8ms
✓ Compiled in 6ms
✓ Compiled in 10ms
✓ Compiled in 10ms
